<?xml version="1.0" encoding="UTF-8"?>
<!-- Generated by org.testng.reporters.JUnitReportReporter -->
<testsuite hostname="Sonali" failures="0" tests="1" name="pit.Bajaj.Rahul" time="0.007" errors="0" timestamp="2022-05-10T21:55:31 EDT" skipped="0">
  <testcase classname="pit.Bajaj.Rahul" name="f" time="0.007"/>
  <system-out/>
</testsuite> <!-- pit.Bajaj.Rahul -->
